Jun 14 12:01:53 lda(p87@zdrav.spb.ru)<723443><1Vw7NAEHbGbzCQsA8Rv7Tw>: Info: msgid=<E1sI2pH-rDP9ll-O2@ucs761-ucs-2.msgpanel.com>: saved mail to INBOX
Jun 14 12:01:54 lda(virus@zdrav.spb.ru)<723458><c2rrEwIHbGYCCgsA8Rv7Tw>: Info: msgid=<VAzK0opJft_3uQ@mail.zdrav.spb.ru>: saved mail to INBOX
Jun 14 12:01:54 lda(p14@zdrav.spb.ru)<723460><jHTVFAIHbGYECgsA8Rv7Tw>: Info: msgid=<1718355701.879669663@f470.i.mail.ru>: saved mail to INBOX
Jun 14 12:01:56 lda(pd30po30@zdrav.spb.ru)<723495><9F29BgQHbGYnCgsA8Rv7Tw>: Info: msgid=<4W0tYz06xrz3TCn@mrelay-bulk4.hh.ru>: saved mail to INBOX
Jun 14 12:01:57 lda(dps.jurist@zdrav.spb.ru)<723513><I4y6AgUHbGY5CgsA8Rv7Tw>: Info: msgid=<820688e30608c1f1a5e352d81574b831@zdrav.spb.ru>: saved mail to INBOX
Jun 14 12:02:01 lda(b36@zdrav.spb.ru)<723569><L0+aIgkHbGZxCgsA8Rv7Tw>: Info: msgid=<886ce82b88441bf91b20a688b7756dea@credit.agricole.fr>: saved mail to INBOX
Jun 14 12:02:01 lda(gkdmgenc@zdrav.spb.ru)<723571><8qyCJwkHbGZzCgsA8Rv7Tw>: Info: msgid=<E1sI2pH-GuQj8V-O2@ucs761-ucs-2.msgpanel.com>: saved mail to INBOX
Jun 14 12:02:01 lda(p95@zdrav.spb.ru)<723572><+w0eKwkHbGZ0CgsA8Rv7Tw>: Info: msgid=<E1sI2pH-8nPRN5-O2@ucs761-ucs-2.msgpanel.com>: saved mail to INBOX
Jun 14 12:02:02 lda(pd39@zdrav.spb.ru)<723584><V+AkKQoHbGaACgsA8Rv7Tw>: Info: msgid=<1718355714.446519412@f478.i.mail.ru>: saved mail to INBOX
Jun 14 12:02:03 lda(p49_op33@zdrav.spb.ru)<723606><acaPIQsHbGaWCgsA8Rv7Tw>: Info: msgid=<59231718355559@mail.yandex.ru>: saved mail to INBOX
Jun 14 12:02:03 lda(p49@zdrav.spb.ru)<723615><0sJgMgsHbGafCgsA8Rv7Tw>: Info: msgid=<171835572315.14129.844760258585142227@app2.sfup.adc.spb>: saved mail to INBOX
Jun 14 12:02:04 lda(gvv@zdrav.spb.ru)<723593><ZYrbEQsHbGaJCgsA8Rv7Tw>: Info: msgid=<1718355699.905643247@f484.i.mail.ru>: saved mail to INBOX
Jun 14 12:02:06 lda(p118@zdrav.spb.ru)<723664><kFjuDw4HbGbQCgsA8Rv7Tw>: Info: msgid=<0264eca01651e701992e173e1e6f3bd3@zdrav.spb.ru>: saved mail to INBOX
Jun 14 12:02:06 lda(b40@zdrav.spb.ru)<723665><qmBAEg4HbGbRCgsA8Rv7Tw>: Info: msgid=<1718355721.95058712@f101.i.mail.ru>: saved mail to INBOX
Jun 14 12:02:11 lda(b4@zdrav.spb.ru)<723753><0gT5DRMHbGYpCwsA8Rv7Tw>: Info: msgid=<D9C8800C00E37EB35CD77B53191A77742AB0CB83@A1>: saved mail to INBOX
Jun 14 12:02:11 lda(gorptd.ahch1@zdrav.spb.ru)<723755><gA23ERMHbGYrCwsA8Rv7Tw>: Info: msgid=<E1sI2pH-rqTitz-O2@ucs761-ucs-2.msgpanel.com>: saved mail to INBOX
Jun 14 12:02:11 lda(p25@zdrav.spb.ru)<723765><RzxQOBMHbGY1CwsA8Rv7Tw>: Info: msgid=<E1sI2p3-mqWPKd-O2@ucs701-ucs-5.msgpanel.com>: saved mail to INBOX
Jun 14 12:02:12 lda(p39.ds@zdrav.spb.ru)<723775><2zBDHBQHbGY/CwsA8Rv7Tw>: Info: msgid=<334b0b26340cbf52ec98640c66ce0ee6@mail.rambler.ru>: saved mail to INBOX
Jun 14 12:02:13 lda(p27@zdrav.spb.ru)<723801></sAsDBUHbGZZCwsA8Rv7Tw>: Info: msgid=<E1sI2pH-En9SNi-O2@ucs761-ucs-2.msgpanel.com>: saved mail to INBOX
Jun 14 12:02:14 lda(p43.eng3@zdrav.spb.ru)<723838><+uapJxYHbGZ+CwsA8Rv7Tw>: Info: msgid=<0f89982c1beb417492523ffcb10e6aa0@s9500edge5.roskazna.ru>: saved mail to INBOX
Jun 14 12:02:15 lda(stroykomplekt@zdrav.spb.ru)<723849><z9QeIRcHbGaJCwsA8Rv7Tw>: Info: msgid=<989a0f430e4e4353b2a8bd38fcab2083@EXCHANGE13.gusk.local>: saved mail to INBOX
Jun 14 12:02:15 lda(virus@zdrav.spb.ru)<723851><xRlPLhcHbGaLCwsA8Rv7Tw>: Info: msgid=<VAbHJq-dA7vc1B@mail.zdrav.spb.ru>: saved mail to INBOX
Jun 14 12:02:15 lda(p27.it@zdrav.spb.ru)<723852><F6J6LxcHbGaMCwsA8Rv7Tw>: Info: msgid=<1718355676.198735561@f462.i.mail.ru>: saved mail to INBOX
Jun 14 12:02:18 lda(pd30@zdrav.spb.ru)<723876><UE+lCRoHbGakCwsA8Rv7Tw>: Info: msgid=<d1e68342-0ccd-4840-8234-55188c2bf912@zdrav.spb.ru>: saved mail to INBOX
Jun 14 12:02:18 lda(bps2.stms@zdrav.spb.ru)<723886><k5z4JRoHbGauCwsA8Rv7Tw>: Info: msgid=<00f101dabe39$8eee5bd0$accb1370$@zdrav.spb.ru>: saved mail to INBOX
Jun 14 12:02:18 lda(bps2.gz@zdrav.spb.ru)<723883><Ezn6JRoHbGarCwsA8Rv7Tw>: Info: msgid=<00f101dabe39$8eee5bd0$accb1370$@zdrav.spb.ru>: saved mail to INBOX
Jun 14 12:02:18 lda(bps2.glv@zdrav.spb.ru)<723884><j3XzJRoHbGasCwsA8Rv7Tw>: Info: msgid=<00f101dabe39$8eee5bd0$accb1370$@zdrav.spb.ru>: saved mail to INBOX
Jun 14 12:02:18 lda(bps2.medzam1@zdrav.spb.ru)<723885><YC79JRoHbGatCwsA8Rv7Tw>: Info: msgid=<00f101dabe39$8eee5bd0$accb1370$@zdrav.spb.ru>: saved mail to INBOX
Jun 14 12:02:19 lda(p49@zdrav.spb.ru)<723898><F1bqOBsHbGa6CwsA8Rv7Tw>: Info: msgid=<20240614090219.E466FDE20474@mail.zdrav.spb.ru>: saved mail to INBOX
Jun 14 12:02:20 lda(p99@zdrav.spb.ru)<723905><zqT1FBwHbGbBCwsA8Rv7Tw>: Info: msgid=<E1sI2pH-1U0x6N-O2@ucs761-ucs-2.msgpanel.com>: saved mail to INBOX
Jun 14 12:02:20 lda(p43.ok@zdrav.spb.ru)<723908><cJq/IhwHbGbECwsA8Rv7Tw>: Info: msgid=<4W0tZV5m3VzTRZB@mrelay-bulk7.hh.ru>: saved mail to INBOX
Jun 14 12:02:20 lda(p100@zdrav.spb.ru)<723915><TNgdMxwHbGbLCwsA8Rv7Tw>: Info: msgid=<E1sI2pH-jPy9PB-O2@ucs761-ucs-2.msgpanel.com>: saved mail to INBOX
Jun 14 12:02:22 lda(bps3@zdrav.spb.ru)<723934><5JPMEh4HbGbeCwsA8Rv7Tw>: Info: msgid=<G3nkvj2fEibAdgLMvnfVGPOyYvoIREOLjoImuHu0h6w@www.psychecenter.ru>: saved mail to INBOX
Jun 14 12:02:23 lda(p43.ok@zdrav.spb.ru)<723959><TfQHFx8HbGb3CwsA8Rv7Tw>: Info: msgid=<4W0tZV6rntzFKbr@mrelay-bulk2.hh.ru>: saved mail to INBOX
Jun 14 12:02:23 lda(dzkz@zdrav.spb.ru)<723964><BknwJx8HbGb8CwsA8Rv7Tw>: Info: msgid=<E1sI2p3-97bTwa-O2@ucs701-ucs-5.msgpanel.com>: saved mail to INBOX
Jun 14 12:02:29 lda(dkcprim@zdrav.spb.ru)<724122><DWDqKCUHbGaaDAsA8Rv7Tw>: Info: msgid=<1718355721.804908924@f320.i.mail.ru>: saved mail to INBOX
Jun 14 12:02:32 lda(p48@zdrav.spb.ru)<724167><j90fKCgHbGbHDAsA8Rv7Tw>: Info: msgid=<E1sI2pH-ZxS2f8-O2@ucs761-ucs-2.msgpanel.com>: saved mail to INBOX
Jun 14 12:02:37 lda(p91.dpo65.dsho@zdrav.spb.ru)<724238><OZVVCi0HbGYODQsA8Rv7Tw>: Info: msgid=<000401dabe39$9a9106e0$cfb314a0$@spb.ru>: saved mail to INBOX
Jun 14 12:02:38 lda(bps3.engmed@zdrav.spb.ru)<724262><zNUTBy4HbGYmDQsA8Rv7Tw>: Info: msgid=<E1sI2p3-3aKw0W-O2@ucs701-ucs-5.msgpanel.com>: saved mail to INBOX
Jun 14 12:02:38 lda(k9.zav@zdrav.spb.ru)<724278><vE+bMi4HbGY2DQsA8Rv7Tw>: Info: msgid=<4C51857B2AE5494DB896FEE8B5CC4ED1@P107.LOCAL>: saved mail to INBOX
Jun 14 12:02:39 lda(p81@zdrav.spb.ru)<724285><DGlBBC8HbGY9DQsA8Rv7Tw>: Info: msgid=<E1sI2p3-gdT1UO-O2@ucs701-ucs-5.msgpanel.com>: saved mail to INBOX
Jun 14 12:02:41 lda(po10.zav@zdrav.spb.ru)<724355><8M9nJDEHbGaDDQsA8Rv7Tw>: Info: msgid=<1334FF3EE6B64704BBD3D0B2BCB78B3B@P107.LOCAL>: saved mail to INBOX
Jun 14 12:02:44 lda(p44@zdrav.spb.ru)<724406><5zmjETQHbGa2DQsA8Rv7Tw>: Info: msgid=<cREa53uQxtySbpLBAd2PKRSSguGemDsPeE7ZD3Cg@spbgp44.ru>: save failed to INBOX: Quota exceeded (mailbox for user is full)
Jun 14 12:02:44 lda(p44@zdrav.spb.ru)<724406><5zmjETQHbGa2DQsA8Rv7Tw>: Info: msgid=<cREa53uQxtySbpLBAd2PKRSSguGemDsPeE7ZD3Cg@spbgp44.ru>: rejected: Quota exceeded (mailbox for user is full)
Jun 14 12:02:45 lda(pd39@zdrav.spb.ru)<724432><6WueCjUHbGbQDQsA8Rv7Tw>: Info: msgid=<1718355757.359036865@f727.i.mail.ru>: saved mail to INBOX
Jun 14 12:02:45 lda(p120@zdrav.spb.ru)<724448><RO8PFzUHbGbgDQsA8Rv7Tw>: Info: msgid=<13821718355749@gnj7pzdquwgrabfp.myt.yp-c.yandex.net>: saved mail to INBOX
Jun 14 12:02:45 lda(p107@zdrav.spb.ru)<724442><6RATFzUHbGbaDQsA8Rv7Tw>: Info: msgid=<13821718355749@gnj7pzdquwgrabfp.myt.yp-c.yandex.net>: saved mail to INBOX
Jun 14 12:02:45 lda(p24@zdrav.spb.ru)<724453><8uALFzUHbGblDQsA8Rv7Tw>: Info: msgid=<13821718355749@gnj7pzdquwgrabfp.myt.yp-c.yandex.net>: save failed to INBOX: Quota exceeded (mailbox for user is full)
Jun 14 12:02:45 lda(p24@zdrav.spb.ru)<724453><8uALFzUHbGblDQsA8Rv7Tw>: Info: msgid=<13821718355749@gnj7pzdquwgrabfp.myt.yp-c.yandex.net>: rejected: Quota exceeded (mailbox for user is full)
Jun 14 12:02:45 lda(p101@zdrav.spb.ru)<724441><6vAkFzUHbGbZDQsA8Rv7Tw>: Info: msgid=<13821718355749@gnj7pzdquwgrabfp.myt.yp-c.yandex.net>: saved mail to INBOX
Jun 14 12:02:45 lda(p10@zdrav.spb.ru)<724443><y1gsFzUHbGbbDQsA8Rv7Tw>: Info: msgid=<13821718355749@gnj7pzdquwgrabfp.myt.yp-c.yandex.net>: save failed to INBOX: Quota exceeded (mailbox for user is full)
Jun 14 12:02:45 lda(p10@zdrav.spb.ru)<724443><y1gsFzUHbGbbDQsA8Rv7Tw>: Info: msgid=<13821718355749@gnj7pzdquwgrabfp.myt.yp-c.yandex.net>: rejected: Quota exceeded (mailbox for user is full)
Jun 14 12:02:45 lda(p112@zdrav.spb.ru)<724444><VscoFzUHbGbcDQsA8Rv7Tw>: Info: msgid=<13821718355749@gnj7pzdquwgrabfp.myt.yp-c.yandex.net>: saved mail to INBOX
Jun 14 12:02:45 lda(p104@zdrav.spb.ru)<724440><dlgpFzUHbGbYDQsA8Rv7Tw>: Info: msgid=<13821718355749@gnj7pzdquwgrabfp.myt.yp-c.yandex.net>: saved mail to INBOX
Jun 14 12:02:45 lda(p28@zdrav.spb.ru)<724457><DYYuFzUHbGbpDQsA8Rv7Tw>: Info: msgid=<13821718355749@gnj7pzdquwgrabfp.myt.yp-c.yandex.net>: saved mail to INBOX
Jun 14 12:02:45 lda(p52@zdrav.spb.ru)<724460><niY0FzUHbGbsDQsA8Rv7Tw>: Info: msgid=<13821718355749@gnj7pzdquwgrabfp.myt.yp-c.yandex.net>: saved mail to INBOX
Jun 14 12:02:45 lda(p23@zdrav.spb.ru)<724455><uZw3FzUHbGbnDQsA8Rv7Tw>: Info: msgid=<13821718355749@gnj7pzdquwgrabfp.myt.yp-c.yandex.net>: saved mail to INBOX
Jun 14 12:02:45 lda(p117@zdrav.spb.ru)<724446><q40vFzUHbGbeDQsA8Rv7Tw>: Info: msgid=<13821718355749@gnj7pzdquwgrabfp.myt.yp-c.yandex.net>: saved mail to INBOX
Jun 14 12:02:45 lda(p3@zdrav.spb.ru)<724458><ESc3FzUHbGbqDQsA8Rv7Tw>: Info: msgid=<13821718355749@gnj7pzdquwgrabfp.myt.yp-c.yandex.net>: saved mail to INBOX
Jun 14 12:02:45 lda(p88@zdrav.spb.ru)<724471><KuhAFzUHbGb3DQsA8Rv7Tw>: Info: msgid=<13821718355749@gnj7pzdquwgrabfp.myt.yp-c.yandex.net>: saved mail to INBOX
Jun 14 12:02:45 lda(p17@zdrav.spb.ru)<724449><njs9FzUHbGbhDQsA8Rv7Tw>: Info: msgid=<13821718355749@gnj7pzdquwgrabfp.myt.yp-c.yandex.net>: saved mail to INBOX
Jun 14 12:02:45 lda(p54@zdrav.spb.ru)<724464><mCZEFzUHbGbwDQsA8Rv7Tw>: Info: msgid=<13821718355749@gnj7pzdquwgrabfp.myt.yp-c.yandex.net>: saved mail to INBOX
Jun 14 12:02:45 lda(p45@zdrav.spb.ru)<724461><TW4/FzUHbGbtDQsA8Rv7Tw>: Info: msgid=<13821718355749@gnj7pzdquwgrabfp.myt.yp-c.yandex.net>: saved mail to INBOX
Jun 14 12:02:45 lda(p95@zdrav.spb.ru)<724474><satHFzUHbGb6DQsA8Rv7Tw>: Info: msgid=<13821718355749@gnj7pzdquwgrabfp.myt.yp-c.yandex.net>: saved mail to INBOX
Jun 14 12:02:45 lda(p43.zio@zdrav.spb.ru)<724462><em9YFzUHbGbuDQsA8Rv7Tw>: Info: msgid=<13821718355749@gnj7pzdquwgrabfp.myt.yp-c.yandex.net>: saved mail to INBOX
Jun 14 12:02:45 lda(p86@zdrav.spb.ru)<724467><pflNFzUHbGbzDQsA8Rv7Tw>: Info: msgid=<13821718355749@gnj7pzdquwgrabfp.myt.yp-c.yandex.net>: saved mail to INBOX
Jun 14 12:02:45 lda(p96@zdrav.spb.ru)<724476><+C1VFzUHbGb8DQsA8Rv7Tw>: Info: msgid=<13821718355749@gnj7pzdquwgrabfp.myt.yp-c.yandex.net>: saved mail to INBOX
Jun 14 12:02:45 lda(p14@zdrav.spb.ru)<724447><wpdPFzUHbGbfDQsA8Rv7Tw>: Info: msgid=<13821718355749@gnj7pzdquwgrabfp.myt.yp-c.yandex.net>: saved mail to INBOX
Jun 14 12:02:45 lda(p99@zdrav.spb.ru)<724473><4ZheFzUHbGb5DQsA8Rv7Tw>: Info: msgid=<13821718355749@gnj7pzdquwgrabfp.myt.yp-c.yandex.net>: saved mail to INBOX
Jun 14 12:02:45 lda(p103@zdrav.spb.ru)<724439><HOtJFzUHbGbXDQsA8Rv7Tw>: Info: msgid=<13821718355749@gnj7pzdquwgrabfp.myt.yp-c.yandex.net>: saved mail to INBOX
Jun 14 12:02:45 lda(p22@zdrav.spb.ru)<724454><NutRFzUHbGbmDQsA8Rv7Tw>: Info: msgid=<13821718355749@gnj7pzdquwgrabfp.myt.yp-c.yandex.net>: saved mail to INBOX
Jun 14 12:02:45 lda(p72@zdrav.spb.ru)<724469><bK1nFzUHbGb1DQsA8Rv7Tw>: Info: msgid=<13821718355749@gnj7pzdquwgrabfp.myt.yp-c.yandex.net>: saved mail to INBOX
Jun 14 12:02:45 lda(p97@zdrav.spb.ru)<724475><qPpjFzUHbGb7DQsA8Rv7Tw>: Info: msgid=<13821718355749@gnj7pzdquwgrabfp.myt.yp-c.yandex.net>: saved mail to INBOX
Jun 14 12:02:45 lda(p71@zdrav.spb.ru)<724468><8AZoFzUHbGb0DQsA8Rv7Tw>: Info: msgid=<13821718355749@gnj7pzdquwgrabfp.myt.yp-c.yandex.net>: saved mail to INBOX
Jun 14 12:02:45 lda(p20@zdrav.spb.ru)<724451><AtBZFzUHbGbjDQsA8Rv7Tw>: Info: msgid=<13821718355749@gnj7pzdquwgrabfp.myt.yp-c.yandex.net>: saved mail to INBOX
Jun 14 12:02:45 lda(p4@zdrav.spb.ru)<724463><DIiEFzUHbGbvDQsA8Rv7Tw>: Info: msgid=<13821718355749@gnj7pzdquwgrabfp.myt.yp-c.yandex.net>: saved mail to INBOX
Jun 14 12:02:45 lda(p27@zdrav.spb.ru)<724452><o8JKFzUHbGbkDQsA8Rv7Tw>: Info: msgid=<13821718355749@gnj7pzdquwgrabfp.myt.yp-c.yandex.net>: saved mail to INBOX
Jun 14 12:02:45 lda(p18@zdrav.spb.ru)<724450><vMZEFzUHbGbiDQsA8Rv7Tw>: Info: msgid=<13821718355749@gnj7pzdquwgrabfp.myt.yp-c.yandex.net>: saved mail to INBOX
Jun 14 12:02:45 lda(p41@zdrav.spb.ru)<724459><1pdUFzUHbGbrDQsA8Rv7Tw>: Info: msgid=<13821718355749@gnj7pzdquwgrabfp.myt.yp-c.yandex.net>: saved mail to INBOX
Jun 14 12:02:45 lda(p55@zdrav.spb.ru)<724466><w/VbFzUHbGbyDQsA8Rv7Tw>: Info: msgid=<13821718355749@gnj7pzdquwgrabfp.myt.yp-c.yandex.net>: saved mail to INBOX
Jun 14 12:02:48 lda(p54@zdrav.spb.ru)<724529><5J50EjgHbGYxDgsA8Rv7Tw>: Info: msgid=<4W0tZx5D7Hz3DZT@m.roeh.ru>: saved mail to INBOX
Jun 14 12:02:48 lda(p76@zdrav.spb.ru)<724532><xs+iJDgHbGY0DgsA8Rv7Tw>: Info: msgid=<4W0tZx5dnpz3DXQ@m.roeh.ru>: saved mail to INBOX
Jun 14 12:02:49 lda(p112@zdrav.spb.ru)<724545><AvUtEzkHbGZBDgsA8Rv7Tw>: Info: msgid=<4W0tZy4KK2z3DZT@m.roeh.ru>: saved mail to INBOX
Jun 14 12:02:49 lda(po10.zav@zdrav.spb.ru)<724548><URAuHjkHbGZEDgsA8Rv7Tw>: Info: msgid=<A151F4D625A34A66B697ED4267462D6A@P107.LOCAL>: saved mail to INBOX
Jun 14 12:02:49 lda(p109.econ@zdrav.spb.ru)<724555><XbXlJzkHbGZLDgsA8Rv7Tw>: Info: msgid=<E1sI2p3-Yswwjy-O2@ucs701-ucs-5.msgpanel.com>: saved mail to INBOX
Jun 14 12:02:49 lda(k9.zav@zdrav.spb.ru)<724556><y4U6LzkHbGZMDgsA8Rv7Tw>: Info: msgid=<51915ADBD8B14BCC975655B5EA25C38D@P107.LOCAL>: saved mail to INBOX
Jun 14 12:02:50 lda(p51.medzam@zdrav.spb.ru)<724565><okm+CDoHbGZVDgsA8Rv7Tw>: Info: msgid=<20240614120232.0.20240614120232_pe_@666c06a23b54a40b56b9234e.x_1628593677368629.pg>: saved mail to INBOX
Jun 14 12:02:53 lda(pd63@zdrav.spb.ru)<724614><mcgzCz0HbGaGDgsA8Rv7Tw>: Info: msgid=<8a17b1267a2f41cfb4fb8ab06a8449c0@sogaz-med.ru>: saved mail to INBOX
Jun 14 12:02:53 lda(bnikol.zavpto@zdrav.spb.ru)<724620><jugzKz0HbGaMDgsA8Rv7Tw>: Info: msgid=<008701dabe39$a407f850$ec17e8f0$@zdrav.spb.ru>: saved mail to INBOX
Jun 14 12:02:57 lda(p17.eng@zdrav.spb.ru)<724671><mQlcEEEHbGa/DgsA8Rv7Tw>: Info: msgid=<E1sI2p3-nRxXKW-O2@ucs701-ucs-5.msgpanel.com>: saved mail to INBOX
Jun 14 12:02:57 lda(pstom33@zdrav.spb.ru)<724684><BNbIMkEHbGbMDgsA8Rv7Tw>: Info: msgid=<1718355773.691565268@f468.i.mail.ru>: saved mail to INBOX
Jun 14 12:02:58 lda(bps3.engmed@zdrav.spb.ru)<724692><4e7EB0IHbGbUDgsA8Rv7Tw>: Info: msgid=<005801dabe39$a18963c0$e49c2b40$@zdrav.spb.ru>: saved mail to INBOX
Jun 14 12:02:58 lda(p34@zdrav.spb.ru)<724693><lM7+CUIHbGbVDgsA8Rv7Tw>: Info: msgid=<E1sI2pH-xStS98-O2@ucs761-ucs-2.msgpanel.com>: saved mail to INBOX
Jun 14 12:02:58 lda(p27@zdrav.spb.ru)<724701><VyXbNUIHbGbdDgsA8Rv7Tw>: Info: msgid=<E1sI2p3-NHHUPt-O2@ucs701-ucs-5.msgpanel.com>: saved mail to INBOX
Jun 14 12:03:03 lda(gkdmgenc@zdrav.spb.ru)<724781><kWBxCkcHbGYtDwsA8Rv7Tw>: Info: msgid=<E1sI2p3-snk2U1-O2@ucs701-ucs-5.msgpanel.com>: saved mail to INBOX
Jun 14 12:03:03 lda(gornark.krgvar@zdrav.spb.ru)<724801><cWyhGkcHbGZBDwsA8Rv7Tw>: Info: msgid=<ximss-8398943@be1014-dc03.mvd.ru>: saved mail to INBOX
Jun 14 12:03:03 lda(bps6@zdrav.spb.ru)<724800><ArCbGkcHbGZADwsA8Rv7Tw>: Info: msgid=<ximss-8398943@be1014-dc03.mvd.ru>: saved mail to INBOX
Jun 14 12:03:04 lda(p93@zdrav.spb.ru)<724810><wTpHBUgHbGZKDwsA8Rv7Tw>: Info: msgid=<23855c5e-3c16-c8de-c79a-c7b29ba89ca6@zdrav.spb.ru>: saved mail to INBOX
Jun 14 12:03:04 lda(bps7@zdrav.spb.ru)<724811><z6QCE0gHbGZLDwsA8Rv7Tw>: Info: msgid=<1718355774.72950455@f488.i.mail.ru>: saved mail to INBOX
Jun 14 12:03:06 lda(pd30@zdrav.spb.ru)<724840><akmsBUoHbGZoDwsA8Rv7Tw>: Info: msgid=<b0477de9-caa3-418c-80ed-a7244dcb34a7@zdrav.spb.ru>: saved mail to INBOX
